[1] "Summary of FlyReels Dataset:"
     Name              Brand               Weight          Diameter    
 Length:248         Length:248         Min.   : 2.100   Min.   :2.500  
 Class :character   Class :character   1st Qu.: 4.800   1st Qu.:3.473  
 Mode  :character   Mode  :character   Median : 6.144   Median :3.850  
                                       Mean   : 6.564   Mean   :3.900  
                                       3rd Qu.: 8.205   3rd Qu.:4.250  
                                       Max.   :15.097   Max.   :5.500  
     Width           Price            Sealed            Country         
 Min.   :0.750   Min.   :  34.99   Length:248         Length:248        
 1st Qu.:0.970   1st Qu.: 239.00   Class :character   Class :character  
 Median :1.080   Median : 360.00   Mode  :character   Mode  :character  
 Mean   :1.098   Mean   : 397.24                                        
 3rd Qu.:1.250   3rd Qu.: 525.00                                        
 Max.   :1.688   Max.   :1095.00                                        
   Machined        
 Length:248        
 Class :character  
 Mode  :character  
                   
                   
                   
[1] "FlyReels Dataset with Categorical Factors:"
         Name                   Brand         Weight          Diameter    
  SDF 4/5  :  1   Waterworks-Lamson: 32   Min.   : 2.100   Min.   :2.500  
  SDF 5/6  :  1   Ross             : 28   1st Qu.: 4.800   1st Qu.:3.473  
  SDF 6/7  :  1   Allen            : 25   Median : 6.144   Median :3.850  
  SDS 11/12:  1   Galvan           : 23   Mean   : 6.564   Mean   :3.900  
  SDS 7/8  :  1   TFO              : 16   3rd Qu.: 8.205   3rd Qu.:4.250  
  SDS 9/10 :  1   3-TAND           : 15   Max.   :15.097   Max.   :5.500  
 (Other)   :242   (Other)          :109                                   
     Width           Price         Sealed     Country    Machined 
 Min.   :0.750   Min.   :  34.99   No : 94   China: 27   No : 31  
 1st Qu.:0.970   1st Qu.: 239.00   Yes:154   Korea: 86   Yes:217  
 Median :1.080   Median : 360.00             USA  :135            
 Mean   :1.098   Mean   : 397.24                                  
 3rd Qu.:1.250   3rd Qu.: 525.00                                  
 Max.   :1.688   Max.   :1095.00                                  
                                                                  
[1] "Name"     "Brand"    "Weight"   "Diameter" "Width"    "Price"    "Sealed"  
[8] "Country"  "Machined"
[1] "Generating Scatterplot Matrices."
null device 
          1 
null device 
          1 
      Machined
Sealed  No Yes
   No   20  74
   Yes  11 143
         Sealed
Seal_Mach  No Yes
      N_N  20   0
      N_Y  74   0
      Y_N   0  11
      Y_Y   0 143
         Machined
Seal_Mach  No Yes
      N_N  20   0
      N_Y   0  74
      Y_N  11   0
      Y_Y   0 143
null device 
          1 
[1] "Generating Scatterplot Matrices"    "Colored by Country of Manufacture."
null device 
          1 
